2015-12-31 19:34:03 Error: [Cake\Console\Exception\MissingShellException] Shell class for "All" could not be found.
Exception Attributes: array (
  'class' => 'All',
)
Stack Trace:
#0 /var/www/htdocs/localhost.cakexuxu/vendor/cakephp/cakephp/src/Console/ShellDispatcher.php(209): Cake\Console\ShellDispatcher->findShell('all')
#1 /var/www/htdocs/localhost.cakexuxu/vendor/cakephp/cakephp/src/Console/ShellDispatcher.php(179): Cake\Console\ShellDispatcher->_dispatch(Array)
#2 /var/www/htdocs/localhost.cakexuxu/vendor/cakephp/cakephp/src/Console/ShellDispatcher.php(126): Cake\Console\ShellDispatcher->dispatch(Array)
#3 /var/www/htdocs/localhost.cakexuxu/bin/cake.php(33): Cake\Console\ShellDispatcher::run(Array)
#4 {main}


2015-12-31 19:35:12 Error: [Cake\Console\Exception\MissingShellException] Shell class for "-help" could not be found.
Exception Attributes: array (
  'class' => '-help',
)
Stack Trace:
#0 /var/www/htdocs/localhost.cakexuxu/vendor/cakephp/cakephp/src/Console/ShellDispatcher.php(209): Cake\Console\ShellDispatcher->findShell('-help')
#1 /var/www/htdocs/localhost.cakexuxu/vendor/cakephp/cakephp/src/Console/ShellDispatcher.php(179): Cake\Console\ShellDispatcher->_dispatch(Array)
#2 /var/www/htdocs/localhost.cakexuxu/vendor/cakephp/cakephp/src/Console/ShellDispatcher.php(126): Cake\Console\ShellDispatcher->dispatch(Array)
#3 /var/www/htdocs/localhost.cakexuxu/bin/cake.php(33): Cake\Console\ShellDispatcher::run(Array)
#4 {main}


2015-12-31 19:35:50 Error: [Cake\Console\Exception\MissingShellException] Shell class for "All" could not be found.
Exception Attributes: array (
  'class' => 'All',
)
Stack Trace:
#0 /var/www/htdocs/localhost.cakexuxu/vendor/cakephp/cakephp/src/Console/ShellDispatcher.php(209): Cake\Console\ShellDispatcher->findShell('all')
#1 /var/www/htdocs/localhost.cakexuxu/vendor/cakephp/cakephp/src/Console/ShellDispatcher.php(179): Cake\Console\ShellDispatcher->_dispatch(Array)
#2 /var/www/htdocs/localhost.cakexuxu/vendor/cakephp/cakephp/src/Console/ShellDispatcher.php(126): Cake\Console\ShellDispatcher->dispatch(Array)
#3 /var/www/htdocs/localhost.cakexuxu/bin/cake.php(33): Cake\Console\ShellDispatcher::run(Array)
#4 {main}


2015-12-31 19:35:59 Error: [Cake\Console\Exception\MissingShellException] Shell class for "View" could not be found.
Exception Attributes: array (
  'class' => 'View',
)
Stack Trace:
#0 /var/www/htdocs/localhost.cakexuxu/vendor/cakephp/cakephp/src/Console/ShellDispatcher.php(209): Cake\Console\ShellDispatcher->findShell('view')
#1 /var/www/htdocs/localhost.cakexuxu/vendor/cakephp/cakephp/src/Console/ShellDispatcher.php(179): Cake\Console\ShellDispatcher->_dispatch(Array)
#2 /var/www/htdocs/localhost.cakexuxu/vendor/cakephp/cakephp/src/Console/ShellDispatcher.php(126): Cake\Console\ShellDispatcher->dispatch(Array)
#3 /var/www/htdocs/localhost.cakexuxu/bin/cake.php(33): Cake\Console\ShellDispatcher::run(Array)
#4 {main}


2015-12-31 19:36:51 Error: [Cake\Console\Exception\MissingShellException] Shell class for "ShellName" could not be found.
Exception Attributes: array (
  'class' => 'ShellName',
)
Stack Trace:
#0 /var/www/htdocs/localhost.cakexuxu/vendor/cakephp/cakephp/src/Console/ShellDispatcher.php(209): Cake\Console\ShellDispatcher->findShell('shell_name')
#1 /var/www/htdocs/localhost.cakexuxu/vendor/cakephp/cakephp/src/Console/ShellDispatcher.php(179): Cake\Console\ShellDispatcher->_dispatch(Array)
#2 /var/www/htdocs/localhost.cakexuxu/vendor/cakephp/cakephp/src/Console/ShellDispatcher.php(126): Cake\Console\ShellDispatcher->dispatch(Array)
#3 /var/www/htdocs/localhost.cakexuxu/bin/cake.php(33): Cake\Console\ShellDispatcher::run(Array)
#4 {main}


2015-12-31 19:37:45 Error: [Cake\Console\Exception\MissingShellException] Shell class for "All" could not be found.
Exception Attributes: array (
  'class' => 'All',
)
Stack Trace:
#0 /var/www/htdocs/localhost.cakexuxu/vendor/cakephp/cakephp/src/Console/ShellDispatcher.php(209): Cake\Console\ShellDispatcher->findShell('all')
#1 /var/www/htdocs/localhost.cakexuxu/vendor/cakephp/cakephp/src/Console/ShellDispatcher.php(179): Cake\Console\ShellDispatcher->_dispatch(Array)
#2 /var/www/htdocs/localhost.cakexuxu/vendor/cakephp/cakephp/src/Console/ShellDispatcher.php(126): Cake\Console\ShellDispatcher->dispatch(Array)
#3 /var/www/htdocs/localhost.cakexuxu/bin/cake.php(33): Cake\Console\ShellDispatcher::run(Array)
#4 {main}


2015-12-31 19:37:55 Error: [Cake\Console\Exception\MissingShellException] Shell class for "Controller" could not be found.
Exception Attributes: array (
  'class' => 'Controller',
)
Stack Trace:
#0 /var/www/htdocs/localhost.cakexuxu/vendor/cakephp/cakephp/src/Console/ShellDispatcher.php(209): Cake\Console\ShellDispatcher->findShell('controller')
#1 /var/www/htdocs/localhost.cakexuxu/vendor/cakephp/cakephp/src/Console/ShellDispatcher.php(179): Cake\Console\ShellDispatcher->_dispatch(Array)
#2 /var/www/htdocs/localhost.cakexuxu/vendor/cakephp/cakephp/src/Console/ShellDispatcher.php(126): Cake\Console\ShellDispatcher->dispatch(Array)
#3 /var/www/htdocs/localhost.cakexuxu/bin/cake.php(33): Cake\Console\ShellDispatcher::run(Array)
#4 {main}


2016-01-10 14:58:58 Error: [Cake\Console\Exception\MissingShellException] Shell class for "Model" could not be found.
Exception Attributes: array (
  'class' => 'Model',
)
Stack Trace:
#0 /var/www/htdocs/localhost.cakexuxu/vendor/cakephp/cakephp/src/Console/ShellDispatcher.php(209): Cake\Console\ShellDispatcher->findShell('model')
#1 /var/www/htdocs/localhost.cakexuxu/vendor/cakephp/cakephp/src/Console/ShellDispatcher.php(179): Cake\Console\ShellDispatcher->_dispatch(Array)
#2 /var/www/htdocs/localhost.cakexuxu/vendor/cakephp/cakephp/src/Console/ShellDispatcher.php(126): Cake\Console\ShellDispatcher->dispatch(Array)
#3 /var/www/htdocs/localhost.cakexuxu/bin/cake.php(33): Cake\Console\ShellDispatcher::run(Array)
#4 {main}


2016-01-12 15:44:49 Error: [Cake\Database\Exception] SQLSTATE[42S02]: Base table or view not found: 1146 Table 'fabioalvaro13_dev.dashboard' doesn't exist
Stack Trace:
#0 /var/www/htdocs/localhost.cakexuxu/vendor/cakephp/cakephp/src/Database/Schema/Collection.php(96): Cake\Database\Schema\Collection->_reflect('Column', 'dashboard', Array, Object(Cake\Database\Schema\Table))
#1 /var/www/htdocs/localhost.cakexuxu/vendor/cakephp/cakephp/src/Database/Schema/CachedCollection.php(64): Cake\Database\Schema\Collection->describe('dashboard', Array)
#2 /var/www/htdocs/localhost.cakexuxu/vendor/cakephp/cakephp/src/ORM/Table.php(423): Cake\Database\Schema\CachedCollection->describe('dashboard')
#3 /var/www/htdocs/localhost.cakexuxu/vendor/cakephp/cakephp/src/ORM/Table.php(499): Cake\ORM\Table->schema()
#4 /var/www/htdocs/localhost.cakexuxu/vendor/cakephp/bake/src/Shell/Task/TemplateTask.php(282): Cake\ORM\Table->primaryKey()
#5 /var/www/htdocs/localhost.cakexuxu/vendor/cakephp/bake/src/Shell/Task/TemplateTask.php(147): Bake\Shell\Task\TemplateTask->_loadController()
#6 [internal function]: Bake\Shell\Task\TemplateTask->main('dashboard')
#7 /var/www/htdocs/localhost.cakexuxu/vendor/cakephp/cakephp/src/Console/Shell.php(448): call_user_func_array(Array, Array)
#8 /var/www/htdocs/localhost.cakexuxu/vendor/cakephp/cakephp/src/Console/Shell.php(442): Cake\Console\Shell->runCommand(Array, false)
#9 /var/www/htdocs/localhost.cakexuxu/vendor/cakephp/cakephp/src/Console/ShellDispatcher.php(212): Cake\Console\Shell->runCommand(Array, true, Array)
#10 /var/www/htdocs/localhost.cakexuxu/vendor/cakephp/cakephp/src/Console/ShellDispatcher.php(179): Cake\Console\ShellDispatcher->_dispatch(Array)
#11 /var/www/htdocs/localhost.cakexuxu/vendor/cakephp/cakephp/src/Console/ShellDispatcher.php(126): Cake\Console\ShellDispatcher->dispatch(Array)
#12 /var/www/htdocs/localhost.cakexuxu/bin/cake.php(33): Cake\Console\ShellDispatcher::run(Array)
#13 {main}


